[debug] [2021-12-13T17:05:35.153Z] ----------------------------------------------------------------------
[debug] [2021-12-13T17:05:35.157Z] Command:       C:\Program Files\nodejs\node.exe C:\Users\EdAsus\AppData\Roaming\npm\node_modules\firebase-tools\lib\bin\firebase.js init
[debug] [2021-12-13T17:05:35.158Z] CLI Version:   9.23.1
[debug] [2021-12-13T17:05:35.158Z] Platform:      win32
[debug] [2021-12-13T17:05:35.158Z] Node Version:  v14.18.1
[debug] [2021-12-13T17:05:35.160Z] Time:          Mon Dec 13 2021 18:05:35 GMT+0100 (Central European Standard Time)
[debug] [2021-12-13T17:05:35.160Z] ----------------------------------------------------------------------
[debug] 
[debug] [2021-12-13T17:05:35.164Z] >>> [apiv2][query] GET https://firebase-public.firebaseio.com/cli.json [none]
[debug] [2021-12-13T17:05:35.204Z] > command requires scopes: ["email","openid","https://www.googleapis.com/auth/cloudplatformprojects.readonly","https://www.googleapis.com/auth/firebase","https://www.googleapis.com/auth/cloud-platform"]
[debug] [2021-12-13T17:05:35.205Z] > authorizing via signed-in user (eddiee.droid@gmail.com)
[info] 
     ######## #### ########  ######## ########     ###     ######  ########
     ##        ##  ##     ## ##       ##     ##  ##   ##  ##       ##
     ######    ##  ########  ######   ########  #########  ######  ######
     ##        ##  ##    ##  ##       ##     ## ##     ##       ## ##
     ##       #### ##     ## ######## ########  ##     ##  ######  ########

You're about to initialize a Firebase project in this directory:

  D:\WiProgress\5.ReactCompleteKenChen\react-kenchen

[debug] [2021-12-13T17:05:35.926Z] <<< [apiv2][status] GET https://firebase-public.firebaseio.com/cli.json 200
[debug] [2021-12-13T17:05:35.926Z] <<< [apiv2][body] GET https://firebase-public.firebaseio.com/cli.json {"cloudBuildErrorAfter":1594252800000,"cloudBuildWarnAfter":1590019200000,"defaultNode10After":1594252800000,"minVersion":"3.0.5","node8DeploysDisabledAfter":1613390400000,"node8RuntimeDisabledAfter":1615809600000,"node8WarnAfter":1600128000000}
